<?xml version="1.0" encoding="UTF-8"?>
<robot generator="Robot 6.1.1 (Python 3.11.4 on win32)" generated="20231016 20:42:31.803" rpa="false" schemaversion="4">
<suite id="s1" name="BasicSearch2" source="C:\Users\lukas\Mega\Data\GitHub\Robot_Framework\RobotSelenium\Mentor\Tests\eBay\BasicSearch2.robot">
<test id="s1-t1" name="Verify basic search functionality foe eBay" line="13">
<kw name="Start test" library="CommonFunctionality" type="SETUP">
<kw name="Open Browser" library="SeleniumLibrary">
<arg>${url}</arg>
<arg>${browser}</arg>
<doc>Opens a new browser instance to the optional ``url``.</doc>
<msg timestamp="20231016 20:42:32.013" level="INFO">Opening browser 'chrome' to base url 'https://www.ebay.com/'.</msg>
<status status="PASS" starttime="20231016 20:42:32.013" endtime="20231016 20:42:35.756"/>
</kw>
<kw name="Maximize Browser Window" library="SeleniumLibrary">
<doc>Maximizes current browser window.</doc>
<status status="PASS" starttime="20231016 20:42:35.756" endtime="20231016 20:42:35.883"/>
</kw>
<status status="PASS" starttime="20231016 20:42:32.012" endtime="20231016 20:42:35.883"/>
</kw>
<kw name="Verify Search Results" library="eBay_UserDefinedKeywords">
<kw name="Input Text" library="SeleniumLibrary">
<arg>//*[@id="gh-ac"]</arg>
<arg>mobile</arg>
<doc>Types the given ``text`` into the text field identified by ``locator``.</doc>
<msg timestamp="20231016 20:42:35.885" level="INFO">Typing text 'mobile' into text field '//*[@id="gh-ac"]'.</msg>
<status status="PASS" starttime="20231016 20:42:35.884" endtime="20231016 20:42:35.999"/>
</kw>
<kw name="Press Keys" library="SeleniumLibrary">
<arg>xpath://*[@id="gh-btn"]</arg>
<arg>RETURN</arg>
<doc>Simulates the user pressing key(s) to an element or on the active browser.</doc>
<msg timestamp="20231016 20:42:35.999" level="INFO">Sending key(s) ('RETURN',) to xpath://*[@id="gh-btn"] element.</msg>
<msg timestamp="20231016 20:42:39.128" level="INFO">Pressing special key RETURN to element.</msg>
<msg timestamp="20231016 20:42:39.128" level="INFO">Releasing special key RETURN.</msg>
<status status="PASS" starttime="20231016 20:42:35.999" endtime="20231016 20:42:39.268"/>
</kw>
<kw name="Page Should Contain" library="SeleniumLibrary">
<arg>výsledků mobile</arg>
<doc>Verifies that current page contains ``text``.</doc>
<msg timestamp="20231016 20:42:39.301" level="INFO">Current page contains text 'výsledků mobile'.</msg>
<status status="PASS" starttime="20231016 20:42:39.268" endtime="20231016 20:42:39.301"/>
</kw>
<status status="PASS" starttime="20231016 20:42:35.884" endtime="20231016 20:42:39.301"/>
</kw>
<kw name="Filter results by condition" library="eBay_UserDefinedKeywords">
<kw name="Click Element" library="SeleniumLibrary">
<arg>//span[contains(text(),"Stav")]</arg>
<doc>Click the element identified by ``locator``.</doc>
<msg timestamp="20231016 20:42:39.302" level="INFO">Clicking element '//span[contains(text(),"Stav")]'.</msg>
<status status="PASS" starttime="20231016 20:42:39.302" endtime="20231016 20:42:39.347"/>
</kw>
<kw name="Sleep" library="BuiltIn">
<arg>3s</arg>
<doc>Pauses the test executed for the given time.</doc>
<msg timestamp="20231016 20:42:42.347" level="INFO">Slept 3 seconds</msg>
<status status="PASS" starttime="20231016 20:42:39.347" endtime="20231016 20:42:42.347"/>
</kw>
<kw name="Click Element" library="SeleniumLibrary">
<arg>//span[normalize-space()="Nový"]</arg>
<doc>Click the element identified by ``locator``.</doc>
<msg timestamp="20231016 20:42:42.347" level="INFO">Clicking element '//span[normalize-space()="Nový"]'.</msg>
<status status="PASS" starttime="20231016 20:42:42.347" endtime="20231016 20:42:44.205"/>
</kw>
<status status="PASS" starttime="20231016 20:42:39.302" endtime="20231016 20:42:44.205"/>
</kw>
<kw name="Finnish TestCase" library="CommonFunctionality" type="TEARDOWN">
<kw name="Close Browser" library="SeleniumLibrary">
<doc>Closes the current browser.</doc>
<status status="PASS" starttime="20231016 20:42:44.206" endtime="20231016 20:42:46.501"/>
</kw>
<status status="PASS" starttime="20231016 20:42:44.205" endtime="20231016 20:42:46.501"/>
</kw>
<doc>This test case verifins the basic search</doc>
<tag>Functional</tag>
<status status="PASS" starttime="20231016 20:42:32.012" endtime="20231016 20:42:46.503"/>
</test>
<doc>Basic Search Funcianality</doc>
<status status="PASS" starttime="20231016 20:42:31.804" endtime="20231016 20:42:46.504"/>
</suite>
<statistics>
<total>
<stat pass="1" fail="0" skip="0">All Tests</stat>
</total>
<tag>
<stat pass="1" fail="0" skip="0">Functional</stat>
</tag>
<suite>
<stat pass="1" fail="0" skip="0" id="s1" name="BasicSearch2">BasicSearch2</stat>
</suite>
</statistics>
<errors>
</errors>
</robot>
